{
  "/home/thanuja/Documents/sph/backend/src/controller/note.ts": {
    "path": "/home/thanuja/Documents/sph/backend/src/controller/note.ts",
    "statementMap": {
      "0": {
        "start": { "line": 3, "column": 0 },
        "end": { "line": 3, "column": 38 }
      },
      "1": {
        "start": { "line": 5, "column": 42 },
        "end": { "line": 16, "column": 2 }
      },
      "2": {
        "start": { "line": 5, "column": 67 },
        "end": { "line": 16, "column": 2 }
      },
      "3": {
        "start": { "line": 6, "column": 4 },
        "end": { "line": 15, "column": null }
      },
      "4": {
        "start": { "line": 7, "column": 21 },
        "end": { "line": 7, "column": 55 }
      },
      "5": {
        "start": { "line": 8, "column": 8 },
        "end": { "line": 10, "column": 72 }
      },
      "6": {
        "start": { "line": 12, "column": 8 },
        "end": { "line": 14, "column": 61 }
      },
      "7": {
        "start": { "line": 5, "column": 13 },
        "end": { "line": 5, "column": 42 }
      },
      "8": {
        "start": { "line": 18, "column": 42 },
        "end": { "line": 38, "column": 2 }
      },
      "9": {
        "start": { "line": 18, "column": 67 },
        "end": { "line": 38, "column": 2 }
      },
      "10": {
        "start": { "line": 19, "column": 4 },
        "end": { "line": 36, "column": null }
      },
      "11": {
        "start": { "line": 20, "column": 23 },
        "end": { "line": 20, "column": 33 }
      },
      "12": {
        "start": { "line": 21, "column": 41 },
        "end": { "line": 21, "column": 64 }
      },
      "13": {
        "start": { "line": 22, "column": 8 },
        "end": { "line": 31, "column": null }
      },
      "14": {
        "start": { "line": 23, "column": 12 },
        "end": { "line": 23, "column": 50 }
      },
      "15": {
        "start": { "line": 24, "column": 12 },
        "end": { "line": 26, "column": 83 }
      },
      "16": {
        "start": { "line": 28, "column": 12 },
        "end": { "line": 30, "column": 72 }
      },
      "17": {
        "start": { "line": 33, "column": 8 },
        "end": { "line": 35, "column": 61 }
      },
      "18": {
        "start": { "line": 18, "column": 13 },
        "end": { "line": 18, "column": 42 }
      },
      "19": {
        "start": { "line": 40, "column": 43 },
        "end": { "line": 51, "column": 2 }
      },
      "20": {
        "start": { "line": 40, "column": 68 },
        "end": { "line": 51, "column": 2 }
      },
      "21": {
        "start": { "line": 41, "column": 4 },
        "end": { "line": 50, "column": null }
      },
      "22": {
        "start": { "line": 42, "column": 33 },
        "end": { "line": 42, "column": 53 }
      },
      "23": {
        "start": { "line": 43, "column": 8 },
        "end": { "line": 45, "column": 76 }
      },
      "24": {
        "start": { "line": 47, "column": 8 },
        "end": { "line": 49, "column": 61 }
      },
      "25": {
        "start": { "line": 40, "column": 13 },
        "end": { "line": 40, "column": 43 }
      },
      "26": {
        "start": { "line": 53, "column": 43 },
        "end": { "line": 72, "column": 2 }
      },
      "27": {
        "start": { "line": 53, "column": 68 },
        "end": { "line": 72, "column": 2 }
      },
      "28": {
        "start": { "line": 54, "column": 4 },
        "end": { "line": 71, "column": null }
      },
      "29": {
        "start": { "line": 55, "column": 23 },
        "end": { "line": 55, "column": 33 }
      },
      "30": {
        "start": { "line": 56, "column": 34 },
        "end": { "line": 56, "column": 57 }
      },
      "31": {
        "start": { "line": 57, "column": 8 },
        "end": { "line": 65, "column": null }
      },
      "32": {
        "start": { "line": 58, "column": 12 },
        "end": { "line": 60, "column": 76 }
      },
      "33": {
        "start": { "line": 62, "column": 12 },
        "end": { "line": 64, "column": 72 }
      },
      "34": {
        "start": { "line": 68, "column": 8 },
        "end": { "line": 70, "column": 61 }
      },
      "35": {
        "start": { "line": 53, "column": 13 },
        "end": { "line": 53, "column": 43 }
      },
      "36": {
        "start": { "line": 74, "column": 42 },
        "end": { "line": 87, "column": 2 }
      },
      "37": {
        "start": { "line": 74, "column": 67 },
        "end": { "line": 87, "column": 2 }
      },
      "38": {
        "start": { "line": 75, "column": 4 },
        "end": { "line": 86, "column": null }
      },
      "39": {
        "start": { "line": 76, "column": 23 },
        "end": { "line": 76, "column": 33 }
      },
      "40": {
        "start": { "line": 77, "column": 8 },
        "end": { "line": 77, "column": 62 }
      },
      "41": {
        "start": { "line": 78, "column": 41 },
        "end": { "line": 78, "column": 64 }
      },
      "42": {
        "start": { "line": 79, "column": 8 },
        "end": { "line": 81, "column": 79 }
      },
      "43": {
        "start": { "line": 83, "column": 8 },
        "end": { "line": 85, "column": 61 }
      },
      "44": {
        "start": { "line": 74, "column": 13 },
        "end": { "line": 74, "column": 42 }
      }
    },
    "fnMap": {
      "0": {
        "name": "(anonymous_7)",
        "decl": {
          "start": { "line": 5, "column": 42 },
          "end": { "line": 5, "column": 49 }
        },
        "loc": {
          "start": { "line": 5, "column": 67 },
          "end": { "line": 16, "column": 2 }
        }
      },
      "1": {
        "name": "(anonymous_8)",
        "decl": {
          "start": { "line": 5, "column": 67 },
          "end": { "line": 5, "column": null }
        },
        "loc": {
          "start": { "line": 5, "column": 67 },
          "end": { "line": 16, "column": 1 }
        }
      },
      "2": {
        "name": "(anonymous_9)",
        "decl": {
          "start": { "line": 18, "column": 42 },
          "end": { "line": 18, "column": 49 }
        },
        "loc": {
          "start": { "line": 18, "column": 67 },
          "end": { "line": 38, "column": 2 }
        }
      },
      "3": {
        "name": "(anonymous_10)",
        "decl": {
          "start": { "line": 18, "column": 67 },
          "end": { "line": 18, "column": null }
        },
        "loc": {
          "start": { "line": 18, "column": 67 },
          "end": { "line": 38, "column": 1 }
        }
      },
      "4": {
        "name": "(anonymous_11)",
        "decl": {
          "start": { "line": 40, "column": 43 },
          "end": { "line": 40, "column": 50 }
        },
        "loc": {
          "start": { "line": 40, "column": 68 },
          "end": { "line": 51, "column": 2 }
        }
      },
      "5": {
        "name": "(anonymous_12)",
        "decl": {
          "start": { "line": 40, "column": 68 },
          "end": { "line": 40, "column": null }
        },
        "loc": {
          "start": { "line": 40, "column": 68 },
          "end": { "line": 51, "column": 1 }
        }
      },
      "6": {
        "name": "(anonymous_13)",
        "decl": {
          "start": { "line": 53, "column": 43 },
          "end": { "line": 53, "column": 50 }
        },
        "loc": {
          "start": { "line": 53, "column": 68 },
          "end": { "line": 72, "column": 2 }
        }
      },
      "7": {
        "name": "(anonymous_14)",
        "decl": {
          "start": { "line": 53, "column": 68 },
          "end": { "line": 53, "column": null }
        },
        "loc": {
          "start": { "line": 53, "column": 68 },
          "end": { "line": 72, "column": 1 }
        }
      },
      "8": {
        "name": "(anonymous_15)",
        "decl": {
          "start": { "line": 74, "column": 42 },
          "end": { "line": 74, "column": 49 }
        },
        "loc": {
          "start": { "line": 74, "column": 67 },
          "end": { "line": 87, "column": 2 }
        }
      },
      "9": {
        "name": "(anonymous_16)",
        "decl": {
          "start": { "line": 74, "column": 67 },
          "end": { "line": 74, "column": null }
        },
        "loc": {
          "start": { "line": 74, "column": 67 },
          "end": { "line": 87, "column": 1 }
        }
      }
    },
    "branchMap": {
      "0": {
        "loc": {
          "start": { "line": 22, "column": 8 },
          "end": { "line": 31, "column": null }
        },
        "type": "if",
        "locations": [
          {
            "start": { "line": 22, "column": 8 },
            "end": { "line": 31, "column": null }
          },
          {
            "start": { "line": 27, "column": 15 },
            "end": { "line": 31, "column": null }
          }
        ]
      },
      "1": {
        "loc": {
          "start": { "line": 57, "column": 8 },
          "end": { "line": 65, "column": null }
        },
        "type": "if",
        "locations": [
          {
            "start": { "line": 57, "column": 8 },
            "end": { "line": 65, "column": null }
          },
          {
            "start": { "line": 61, "column": 15 },
            "end": { "line": 65, "column": null }
          }
        ]
      }
    },
    "s": {
      "0": 5,
      "1": 5,
      "2": 2,
      "3": 2,
      "4": 2,
      "5": 1,
      "6": 1,
      "7": 5,
      "8": 5,
      "9": 2,
      "10": 2,
      "11": 2,
      "12": 2,
      "13": 2,
      "14": 1,
      "15": 1,
      "16": 1,
      "17": 0,
      "18": 5,
      "19": 5,
      "20": 1,
      "21": 1,
      "22": 1,
      "23": 1,
      "24": 0,
      "25": 5,
      "26": 5,
      "27": 2,
      "28": 2,
      "29": 2,
      "30": 2,
      "31": 2,
      "32": 1,
      "33": 1,
      "34": 0,
      "35": 5,
      "36": 5,
      "37": 1,
      "38": 1,
      "39": 1,
      "40": 1,
      "41": 1,
      "42": 1,
      "43": 0,
      "44": 5
    },
    "f": {
      "0": 2,
      "1": 2,
      "2": 2,
      "3": 2,
      "4": 1,
      "5": 1,
      "6": 2,
      "7": 2,
      "8": 1,
      "9": 1
    },
    "b": { "0": [1, 1], "1": [1, 1] }
  },
  "/home/thanuja/Documents/sph/backend/src/db/config.ts": {
    "path": "/home/thanuja/Documents/sph/backend/src/db/config.ts",
    "statementMap": {
      "0": {
        "start": { "line": 1, "column": 0 },
        "end": { "line": 1, "column": 49 }
      },
      "1": {
        "start": { "line": 2, "column": 0 },
        "end": { "line": 2, "column": 38 }
      },
      "2": {
        "start": { "line": 4, "column": 19 },
        "end": { "line": 13, "column": 2 }
      },
      "3": {
        "start": { "line": 15, "column": 0 },
        "end": { "line": 15, "column": 26 }
      }
    },
    "fnMap": {},
    "branchMap": {},
    "s": { "0": 1, "1": 1, "2": 1, "3": 1 },
    "f": {},
    "b": {}
  },
  "/home/thanuja/Documents/sph/backend/src/db/testconfig.ts": {
    "path": "/home/thanuja/Documents/sph/backend/src/db/testconfig.ts",
    "statementMap": {
      "0": {
        "start": { "line": 1, "column": 0 },
        "end": { "line": 1, "column": 49 }
      },
      "1": {
        "start": { "line": 2, "column": 0 },
        "end": { "line": 2, "column": 38 }
      },
      "2": {
        "start": { "line": 4, "column": 19 },
        "end": { "line": 13, "column": 2 }
      },
      "3": {
        "start": { "line": 15, "column": 0 },
        "end": { "line": 15, "column": 26 }
      }
    },
    "fnMap": {},
    "branchMap": {},
    "s": { "0": 4, "1": 4, "2": 4, "3": 4 },
    "f": {},
    "b": {}
  },
  "/home/thanuja/Documents/sph/backend/src/models/note.ts": {
    "path": "/home/thanuja/Documents/sph/backend/src/models/note.ts",
    "statementMap": {
      "0": {
        "start": { "line": 1, "column": 0 },
        "end": { "line": 1, "column": 70 }
      },
      "1": {
        "start": { "line": 7, "column": 7 },
        "end": { "line": 19, "column": null }
      },
      "2": {
        "start": { "line": 12, "column": 2 },
        "end": { "line": 12, "column": null }
      },
      "3": {
        "start": { "line": 18, "column": 2 },
        "end": { "line": 18, "column": null }
      },
      "4": {
        "start": { "line": 7, "column": 13 },
        "end": { "line": 19, "column": null }
      },
      "5": {
        "start": { "line": 7, "column": 13 },
        "end": { "line": 7, "column": 17 }
      }
    },
    "fnMap": {},
    "branchMap": {},
    "s": { "0": 5, "1": 5, "2": 5, "3": 5, "4": 5, "5": 5 },
    "f": {},
    "b": {}
  },
  "/home/thanuja/Documents/sph/backend/src/routes/note.ts": {
    "path": "/home/thanuja/Documents/sph/backend/src/routes/note.ts",
    "statementMap": {
      "0": {
        "start": { "line": 1, "column": 0 },
        "end": { "line": 1, "column": 33 }
      },
      "1": {
        "start": { "line": 3, "column": 0 },
        "end": { "line": 3, "column": null }
      },
      "2": {
        "start": { "line": 11, "column": 15 },
        "end": { "line": 11, "column": 23 }
      },
      "3": {
        "start": { "line": 13, "column": 0 },
        "end": { "line": 13, "column": 29 }
      },
      "4": {
        "start": { "line": 14, "column": 0 },
        "end": { "line": 14, "column": 29 }
      },
      "5": {
        "start": { "line": 15, "column": 0 },
        "end": { "line": 15, "column": 32 }
      },
      "6": {
        "start": { "line": 16, "column": 0 },
        "end": { "line": 16, "column": 31 }
      },
      "7": {
        "start": { "line": 17, "column": 0 },
        "end": { "line": 17, "column": 34 }
      },
      "8": {
        "start": { "line": 19, "column": 0 },
        "end": { "line": 19, "column": 22 }
      }
    },
    "fnMap": {},
    "branchMap": {},
    "s": {
      "0": 5,
      "1": 5,
      "2": 5,
      "3": 5,
      "4": 5,
      "5": 5,
      "6": 5,
      "7": 5,
      "8": 5
    },
    "f": {},
    "b": {}
  },
  "/home/thanuja/Documents/sph/backend/src/utils/server.ts": {
    "path": "/home/thanuja/Documents/sph/backend/src/utils/server.ts",
    "statementMap": {
      "0": {
        "start": { "line": 2, "column": 0 },
        "end": { "line": 2, "column": 30 }
      },
      "1": {
        "start": { "line": 3, "column": 0 },
        "end": { "line": 3, "column": 47 }
      },
      "2": {
        "start": { "line": 4, "column": 0 },
        "end": { "line": 4, "column": 40 }
      },
      "3": {
        "start": { "line": 8, "column": 16 },
        "end": { "line": 8, "column": 25 }
      },
      "4": {
        "start": { "line": 10, "column": 4 },
        "end": { "line": 10, "column": 20 }
      },
      "5": {
        "start": { "line": 12, "column": 4 },
        "end": { "line": 12, "column": 44 }
      },
      "6": {
        "start": { "line": 14, "column": 4 },
        "end": { "line": 14, "column": 37 }
      },
      "7": {
        "start": { "line": 15, "column": 4 },
        "end": { "line": 15, "column": 15 }
      },
      "8": {
        "start": { "line": 18, "column": 0 },
        "end": { "line": 18, "column": 28 }
      }
    },
    "fnMap": {
      "0": {
        "name": "createServer",
        "decl": {
          "start": { "line": 7, "column": 9 },
          "end": { "line": 7, "column": 21 }
        },
        "loc": {
          "start": { "line": 7, "column": 21 },
          "end": { "line": 16, "column": 3 }
        }
      }
    },
    "branchMap": {},
    "s": {
      "0": 5,
      "1": 5,
      "2": 5,
      "3": 5,
      "4": 5,
      "5": 5,
      "6": 5,
      "7": 5,
      "8": 5
    },
    "f": { "0": 5 },
    "b": {}
  }
}
