TN:
SF:src/controller/note.ts
FN:5,(anonymous_7)
FN:5,(anonymous_8)
FN:18,(anonymous_9)
FN:18,(anonymous_10)
FN:40,(anonymous_11)
FN:40,(anonymous_12)
FN:53,(anonymous_13)
FN:53,(anonymous_14)
FN:74,(anonymous_15)
FN:74,(anonymous_16)
FNF:10
FNH:10
FNDA:2,(anonymous_7)
FNDA:2,(anonymous_8)
FNDA:2,(anonymous_9)
FNDA:2,(anonymous_10)
FNDA:1,(anonymous_11)
FNDA:1,(anonymous_12)
FNDA:2,(anonymous_13)
FNDA:2,(anonymous_14)
FNDA:1,(anonymous_15)
FNDA:1,(anonymous_16)
DA:3,5
DA:5,5
DA:6,2
DA:7,2
DA:8,1
DA:12,1
DA:18,5
DA:19,2
DA:20,2
DA:21,2
DA:22,2
DA:23,1
DA:24,1
DA:28,1
DA:33,0
DA:40,5
DA:41,1
DA:42,1
DA:43,1
DA:47,0
DA:53,5
DA:54,2
DA:55,2
DA:56,2
DA:57,2
DA:58,1
DA:62,1
DA:68,0
DA:74,5
DA:75,1
DA:76,1
DA:77,1
DA:78,1
DA:79,1
DA:83,0
LF:35
LH:31
BRDA:22,0,0,1
BRDA:22,0,1,1
BRDA:57,1,0,1
BRDA:57,1,1,1
BRF:4
BRH:4
end_of_record
TN:
SF:src/db/config.ts
FNF:0
FNH:0
DA:1,1
DA:2,1
DA:4,1
DA:15,1
LF:4
LH:4
BRF:0
BRH:0
end_of_record
TN:
SF:src/db/testconfig.ts
FNF:0
FNH:0
DA:1,4
DA:2,4
DA:4,4
DA:15,4
LF:4
LH:4
BRF:0
BRH:0
end_of_record
TN:
SF:src/models/note.ts
FNF:0
FNH:0
DA:1,5
DA:7,5
DA:12,5
DA:18,5
LF:4
LH:4
BRF:0
BRH:0
end_of_record
TN:
SF:src/routes/note.ts
FNF:0
FNH:0
DA:1,5
DA:3,5
DA:11,5
DA:13,5
DA:14,5
DA:15,5
DA:16,5
DA:17,5
DA:19,5
LF:9
LH:9
BRF:0
BRH:0
end_of_record
TN:
SF:src/utils/server.ts
FN:7,createServer
FNF:1
FNH:1
FNDA:5,createServer
DA:2,5
DA:3,5
DA:4,5
DA:8,5
DA:10,5
DA:12,5
DA:14,5
DA:15,5
DA:18,5
LF:9
LH:9
BRF:0
BRH:0
end_of_record
